<?xml version="1.0" encoding="UTF-8"?>
<!-- Generated by org.testng.reporters.JUnitReportReporter -->
<testsuite skipped="0" hostname="TYC1121776Adi-PC" name="basics.LunchingChromeBrowser" tests="1" failures="0" timestamp="2022-01-21T14:59:51 IST" time="21.721" errors="0">
  <testcase name="CreateAccount" time="21.721" classname="basics.LunchingChromeBrowser"/>
  <system-out/>
</testsuite> <!-- basics.LunchingChromeBrowser -->
