<?xml version="1.0" encoding="UTF-8"?>
<!-- Generated by org.testng.reporters.JUnitReportReporter -->
<testsuite skipped="0" hostname="TYC1121776Adi-PC" name="testNGBasics.TC_Home_001" tests="4" failures="0" timestamp="2022-01-22T09:44:33 IST" time="84.000" errors="0">
  <testcase name="ActiTimeHomePage" time="27.232" classname="testNGBasics.TC_Home_001"/>
  <system-out/>
  <testcase name="ActiTimeHomePage" time="27.212" classname="testNGBasics.TC_Home_001"/>
  <system-out/>
  <testcase name="ZomatoHomePage" time="16.732" classname="testNGBasics.TC_Home_001"/>
  <system-out/>
  <testcase name="SkillraryHomePage" time="12.824" classname="testNGBasics.TC_Home_001"/>
  <system-out/>
</testsuite> <!-- testNGBasics.TC_Home_001 -->
