<?xml version="1.0" encoding="UTF-8"?>
<!-- Generated by org.testng.reporters.JUnitReportReporter -->
<testsuite skipped="0" hostname="TYC1121776Adi-PC" name="testNg_Advanced.TC_Loans_89" tests="2" failures="0" timestamp="2022-01-28T17:13:04 IST" time="0.031" errors="0">
  <testcase name="personalDetails" time="0.015" classname="testNg_Advanced.TC_Loans_89"/>
  <system-out>
At the second Test Level log  </system-out>
  <testcase name="myAccountSetting" time="0.016" classname="testNg_Advanced.TC_Loans_89"/>
  <system-out>
 At The Test Level log  </system-out>
</testsuite> <!-- testNg_Advanced.TC_Loans_89 -->
