<?xml version="1.0" encoding="UTF-8"?>
<!-- Generated by org.testng.reporters.JUnitReportReporter -->
<testsuite skipped="0" hostname="TYC1121776Adi-PC" name="testNGBasics.TC_Home_005" tests="1" failures="0" timestamp="2022-01-28T14:23:46 IST" time="27.706" errors="0">
  <testcase name="deleteLoan" time="27.706" classname="testNGBasics.TC_Home_005"/>
  <system-out/>
</testsuite> <!-- testNGBasics.TC_Home_005 -->
