<?xml version="1.0" encoding="UTF-8"?>
<!-- Generated by org.testng.reporters.JUnitReportReporter -->
<testsuite skipped="0" hostname="TYC1121776Adi-PC" name="testNg_Advanced.TC_Support_001" tests="4" failures="0" timestamp="2022-01-24T16:13:49 IST" time="264.864" errors="0">
  <testcase name="searchproducts" time="63.645" classname="testNg_Advanced.TC_Support_001"/>
  <system-out/>
  <testcase name="searchproducts" time="69.338" classname="testNg_Advanced.TC_Support_001"/>
  <system-out/>
  <testcase name="searchproducts" time="69.106" classname="testNg_Advanced.TC_Support_001"/>
  <system-out/>
  <testcase name="searchproducts" time="62.775" classname="testNg_Advanced.TC_Support_001"/>
  <system-out/>
</testsuite> <!-- testNg_Advanced.TC_Support_001 -->
