<?xml version="1.0" encoding="UTF-8"?>
<!-- Generated by org.testng.reporters.JUnitReportReporter -->
<testsuite skipped="0" hostname="TYC1121776Adi-PC" name="testNg_Advanced.TC_Loans_100" tests="1" failures="0" timestamp="2022-01-29T12:41:07 IST" time="42.760" errors="0">
  <testcase name="actiTimeApp" time="42.760" classname="testNg_Advanced.TC_Loans_100"/>
  <system-out/>
</testsuite> <!-- testNg_Advanced.TC_Loans_100 -->
