<?xml version="1.0" encoding="UTF-8"?>
<!-- Generated by org.testng.reporters.JUnitReportReporter -->
<testsuite skipped="0" hostname="TYC1121776Adi-PC" name="testNGBasics.TC_Home_001" tests="4" failures="0" timestamp="2022-02-28T17:55:42 IST" time="88.436" errors="0">
  <testcase name="ActiTimeHomePage" time="31.804" classname="testNGBasics.TC_Home_001"/>
  <system-out/>
  <testcase name="ActiTimeHomePage" time="29.976" classname="testNGBasics.TC_Home_001"/>
  <system-out/>
  <testcase name="ZomatoHomePage" time="19.729" classname="testNGBasics.TC_Home_001"/>
  <system-out/>
  <testcase name="SkillraryHomePage" time="6.927" classname="testNGBasics.TC_Home_001"/>
  <system-out/>
</testsuite> <!-- testNGBasics.TC_Home_001 -->
