<?xml version="1.0" encoding="UTF-8"?>
<!-- Generated by org.testng.reporters.JUnitReportReporter -->
<testsuite skipped="0" hostname="TYC1121776Adi-PC" name="testNGBasics.TC_Home_004" tests="1" failures="0" timestamp="2022-01-28T14:29:11 IST" time="13.846" errors="0">
  <testcase name="repayLoan" time="13.846" classname="testNGBasics.TC_Home_004"/>
  <system-out/>
</testsuite> <!-- testNGBasics.TC_Home_004 -->
